This file contains any messages produced by compilers while
running configure, to aid debugging if configure makes a mistake.

It was created by exogenesis configure 0.1, which was
generated by GNU Autoconf 2.69.  Invocation command line was

  $ /home/desiderantes/exogenesis/configure --enable-maintainer-mode

## --------- ##
## Platform. ##
## --------- ##

hostname = DeepBlue
uname -m = x86_64
uname -r = 3.13.0-30-generic
uname -s = Linux
uname -v = #55-Ubuntu SMP Fri Jul 4 21:40:53 UTC 2014

/usr/bin/uname -p = unknown
/bin/uname -X     = unknown

/bin/arch              = unknown
/usr/bin/arch -k       = unknown
/usr/convex/getsysinfo = unknown
/usr/bin/hostinfo      = unknown
/bin/machine           = unknown
/usr/bin/oslevel       = unknown
/bin/universe          = unknown

PATH: /usr/local/sbin
PATH: /usr/local/bin
PATH: /usr/sbin
PATH: /usr/bin
PATH: /sbin
PATH: /bin
PATH: /usr/games
PATH: /usr/local/games


## ----------- ##
## Core tests. ##
## ----------- ##

configure:2239: checking for a BSD-compatible install
configure:2307: result: /usr/bin/install -c
configure:2318: checking whether build environment is sane
configure:2373: result: yes
configure:2524: checking for a thread-safe mkdir -p
configure:2563: result: /bin/mkdir -p
configure:2570: checking for gawk
configure:2586: found /usr/bin/gawk
configure:2597: result: gawk
configure:2608: checking whether make sets $(MAKE)
configure:2630: result: yes
configure:2659: checking whether make supports nested variables
configure:2676: result: yes
configure:2813: checking whether make supports nested variables
configure:2830: result: yes
configure:2890: checking for gcc
configure:2906: found /usr/bin/gcc
configure:2917: result: gcc
configure:3146: checking for C compiler version
configure:3155: gcc --version >&5
gcc (Ubuntu 4.8.2-19ubuntu1) 4.8.2
Copyright (C) 2013 Free Software Foundation, Inc.
This is free software; see the source for copying conditions.  There is NO
warranty; not even for MERCHANTABILITY or FITNESS FOR A PARTICULAR PURPOSE.

configure:3166: $? = 0
configure:3155: gcc -v >&5
Using built-in specs.
COLLECT_GCC=gcc
COLLECT_LTO_WRAPPER=/usr/lib/gcc/x86_64-linux-gnu/4.8/lto-wrapper
Target: x86_64-linux-gnu
Configured with: ../src/configure -v --with-pkgversion='Ubuntu 4.8.2-19ubuntu1' --with-bugurl=file:///usr/share/doc/gcc-4.8/README.Bugs --enable-languages=c,c++,java,go,d,fortran,objc,obj-c++ --prefix=/usr --program-suffix=-4.8 --enable-shared --enable-linker-build-id --libexecdir=/usr/lib --without-included-gettext --enable-threads=posix --with-gxx-include-dir=/usr/include/c++/4.8 --libdir=/usr/lib --enable-nls --with-sysroot=/ --enable-clocale=gnu --enable-libstdcxx-debug --enable-libstdcxx-time=yes --enable-gnu-unique-object --disable-libmudflap --enable-plugin --with-system-zlib --disable-browser-plugin --enable-java-awt=gtk --enable-gtk-cairo --with-java-home=/usr/lib/jvm/java-1.5.0-gcj-4.8-amd64/jre --enable-java-home --with-jvm-root-dir=/usr/lib/jvm/java-1.5.0-gcj-4.8-amd64 --with-jvm-jar-dir=/usr/lib/jvm-exports/java-1.5.0-gcj-4.8-amd64 --with-arch-directory=amd64 --with-ecj-jar=/usr/share/java/eclipse-ecj.jar --enable-objc-gc --enable-multiarch --disable-werror --with-arch-32=i686 --with-abi=m64 --with-multilib-list=m32,m64,mx32 --with-tune=generic --enable-checking=release --build=x86_64-linux-gnu --host=x86_64-linux-gnu --target=x86_64-linux-gnu
Thread model: posix
gcc version 4.8.2 (Ubuntu 4.8.2-19ubuntu1) 
configure:3166: $? = 0
configure:3155: gcc -V >&5
gcc: error: unrecognized command line option '-V'
gcc: fatal error: no input files
compilation terminated.
configure:3166: $? = 4
configure:3155: gcc -qversion >&5
gcc: error: unrecognized command line option '-qversion'
gcc: fatal error: no input files
compilation terminated.
configure:3166: $? = 4
configure:3186: checking whether the C compiler works
configure:3208: gcc    conftest.c  >&5
configure:3212: $? = 0
configure:3260: result: yes
configure:3263: checking for C compiler default output file name
configure:3265: result: a.out
configure:3271: checking for suffix of executables
configure:3278: gcc -o conftest    conftest.c  >&5
configure:3282: $? = 0
configure:3304: result: 
configure:3326: checking whether we are cross compiling
configure:3334: gcc -o conftest    conftest.c  >&5
configure:3338: $? = 0
configure:3345: ./conftest
configure:3349: $? = 0
configure:3364: result: no
configure:3369: checking for suffix of object files
configure:3391: gcc -c   conftest.c >&5
configure:3395: $? = 0
configure:3416: result: o
configure:3420: checking whether we are using the GNU C compiler
configure:3439: gcc -c   conftest.c >&5
configure:3439: $? = 0
configure:3448: result: yes
configure:3457: checking whether gcc accepts -g
configure:3477: gcc -c -g  conftest.c >&5
configure:3477: $? = 0
configure:3518: result: yes
configure:3535: checking for gcc option to accept ISO C89
configure:3598: gcc  -c -g -O2  conftest.c >&5
configure:3598: $? = 0
configure:3611: result: none needed
configure:3636: checking whether gcc understands -c and -o together
configure:3658: gcc -c conftest.c -o conftest2.o
configure:3661: $? = 0
configure:3658: gcc -c conftest.c -o conftest2.o
configure:3661: $? = 0
configure:3673: result: yes
configure:3701: checking for style of include used by make
configure:3729: result: GNU
configure:3755: checking dependency style of gcc
configure:3866: result: gcc3
configure:3912: checking build system type
configure:3926: result: x86_64-unknown-linux-gnu
configure:3946: checking host system type
configure:3959: result: x86_64-unknown-linux-gnu
configure:4000: checking how to print strings
configure:4027: result: printf
configure:4048: checking for a sed that does not truncate output
configure:4112: result: /bin/sed
configure:4130: checking for grep that handles long lines and -e
configure:4188: result: /bin/grep
configure:4193: checking for egrep
configure:4255: result: /bin/grep -E
configure:4260: checking for fgrep
configure:4322: result: /bin/grep -F
configure:4357: checking for ld used by gcc
configure:4424: result: /usr/bin/ld
configure:4431: checking if the linker (/usr/bin/ld) is GNU ld
configure:4446: result: yes
configure:4458: checking for BSD- or MS-compatible name lister (nm)
configure:4507: result: /usr/bin/nm -B
configure:4637: checking the name lister (/usr/bin/nm -B) interface
configure:4644: gcc -c -g -O2  conftest.c >&5
configure:4647: /usr/bin/nm -B "conftest.o"
configure:4650: output
0000000000000000 B some_variable
configure:4657: result: BSD nm
configure:4660: checking whether ln -s works
configure:4664: result: yes
configure:4672: checking the maximum length of command line arguments
configure:4803: result: 1572864
configure:4820: checking whether the shell understands some XSI constructs
configure:4830: result: yes
configure:4834: checking whether the shell understands "+="
configure:4840: result: yes
configure:4875: checking how to convert x86_64-unknown-linux-gnu file names to x86_64-unknown-linux-gnu format
configure:4915: result: func_convert_file_noop
configure:4922: checking how to convert x86_64-unknown-linux-gnu file names to toolchain format
configure:4942: result: func_convert_file_noop
configure:4949: checking for /usr/bin/ld option to reload object files
configure:4956: result: -r
configure:5030: checking for objdump
configure:5046: found /usr/bin/objdump
configure:5057: result: objdump
configure:5089: checking how to recognize dependent libraries
configure:5287: result: pass_all
configure:5372: checking for dlltool
configure:5402: result: no
configure:5432: checking how to associate runtime and link libraries
configure:5459: result: printf %s\n
configure:5520: checking for ar
configure:5536: found /usr/bin/ar
configure:5547: result: ar
configure:5584: checking for archiver @FILE support
configure:5601: gcc -c -g -O2  conftest.c >&5
configure:5601: $? = 0
configure:5604: ar cru libconftest.a @conftest.lst >&5
configure:5607: $? = 0
configure:5612: ar cru libconftest.a @conftest.lst >&5
ar: conftest.o: No such file or directory
configure:5615: $? = 1
configure:5627: result: @
configure:5685: checking for strip
configure:5701: found /usr/bin/strip
configure:5712: result: strip
configure:5784: checking for ranlib
configure:5800: found /usr/bin/ranlib
configure:5811: result: ranlib
configure:5913: checking command to parse /usr/bin/nm -B output from gcc object
configure:6033: gcc -c -g -O2  conftest.c >&5
configure:6036: $? = 0
configure:6040: /usr/bin/nm -B conftest.o \| sed -n -e 's/^.*[ ]\([ABCDGIRSTW][ABCDGIRSTW]*\)[ ][ ]*\([_A-Za-z][_A-Za-z0-9]*\)$/\1 \2 \2/p' | sed '/ __gnu_lto/d' \> conftest.nm
configure:6043: $? = 0
configure:6109: gcc -o conftest -g -O2   conftest.c conftstm.o >&5
configure:6112: $? = 0
configure:6150: result: ok
configure:6187: checking for sysroot
configure:6217: result: no
configure:6294: gcc -c -g -O2  conftest.c >&5
configure:6297: $? = 0
configure:6486: checking for mt
configure:6502: found /bin/mt
configure:6513: result: mt
configure:6536: checking if mt is a manifest tool
configure:6542: mt '-?'
configure:6550: result: no
configure:7192: checking how to run the C preprocessor
configure:7223: gcc -E  conftest.c
configure:7223: $? = 0
configure:7237: gcc -E  conftest.c
conftest.c:11:28: fatal error: ac_nonexistent.h: No such file or directory
 #include <ac_nonexistent.h>
                            ^
compilation terminated.
configure:7237: $? = 1
configure: failed program was:
| /* confdefs.h */
| #define PACKAGE_NAME "exogenesis"
| #define PACKAGE_TARNAME "exogenesis"
| #define PACKAGE_VERSION "0.1"
| #define PACKAGE_STRING "exogenesis 0.1"
| #define PACKAGE_BUGREPORT ""
| #define PACKAGE_URL ""
| #define PACKAGE "exogenesis"
| #define VERSION "0.1"
| /* end confdefs.h.  */
| #include <ac_nonexistent.h>
configure:7262: result: gcc -E
configure:7282: gcc -E  conftest.c
configure:7282: $? = 0
configure:7296: gcc -E  conftest.c
conftest.c:11:28: fatal error: ac_nonexistent.h: No such file or directory
 #include <ac_nonexistent.h>
                            ^
compilation terminated.
configure:7296: $? = 1
configure: failed program was:
| /* confdefs.h */
| #define PACKAGE_NAME "exogenesis"
| #define PACKAGE_TARNAME "exogenesis"
| #define PACKAGE_VERSION "0.1"
| #define PACKAGE_STRING "exogenesis 0.1"
| #define PACKAGE_BUGREPORT ""
| #define PACKAGE_URL ""
| #define PACKAGE "exogenesis"
| #define VERSION "0.1"
| /* end confdefs.h.  */
| #include <ac_nonexistent.h>
configure:7325: checking for ANSI C header files
configure:7345: gcc -c -g -O2  conftest.c >&5
configure:7345: $? = 0
configure:7418: gcc -o conftest -g -O2   conftest.c  >&5
configure:7418: $? = 0
configure:7418: ./conftest
configure:7418: $? = 0
configure:7429: result: yes
configure:7442: checking for sys/types.h
configure:7442: gcc -c -g -O2  conftest.c >&5
configure:7442: $? = 0
configure:7442: result: yes
configure:7442: checking for sys/stat.h
configure:7442: gcc -c -g -O2  conftest.c >&5
configure:7442: $? = 0
configure:7442: result: yes
configure:7442: checking for stdlib.h
configure:7442: gcc -c -g -O2  conftest.c >&5
configure:7442: $? = 0
configure:7442: result: yes
configure:7442: checking for string.h
configure:7442: gcc -c -g -O2  conftest.c >&5
configure:7442: $? = 0
configure:7442: result: yes
configure:7442: checking for memory.h
configure:7442: gcc -c -g -O2  conftest.c >&5
configure:7442: $? = 0
configure:7442: result: yes
configure:7442: checking for strings.h
configure:7442: gcc -c -g -O2  conftest.c >&5
configure:7442: $? = 0
configure:7442: result: yes
configure:7442: checking for inttypes.h
configure:7442: gcc -c -g -O2  conftest.c >&5
configure:7442: $? = 0
configure:7442: result: yes
configure:7442: checking for stdint.h
configure:7442: gcc -c -g -O2  conftest.c >&5
configure:7442: $? = 0
configure:7442: result: yes
configure:7442: checking for unistd.h
configure:7442: gcc -c -g -O2  conftest.c >&5
configure:7442: $? = 0
configure:7442: result: yes
configure:7456: checking for dlfcn.h
configure:7456: gcc -c -g -O2  conftest.c >&5
configure:7456: $? = 0
configure:7456: result: yes
configure:7662: checking for objdir
configure:7677: result: .libs
configure:7944: checking if gcc supports -fno-rtti -fno-exceptions
configure:7962: gcc -c -g -O2  -fno-rtti -fno-exceptions conftest.c >&5
cc1: warning: command line option '-fno-rtti' is valid for C++/ObjC++ but not for C [enabled by default]
configure:7966: $? = 0
configure:7979: result: no
configure:8306: checking for gcc option to produce PIC
configure:8313: result: -fPIC -DPIC
configure:8321: checking if gcc PIC flag -fPIC -DPIC works
configure:8339: gcc -c -g -O2  -fPIC -DPIC -DPIC conftest.c >&5
configure:8343: $? = 0
configure:8356: result: yes
configure:8385: checking if gcc static flag -static works
configure:8413: result: yes
configure:8428: checking if gcc supports -c -o file.o
configure:8449: gcc -c -g -O2  -o out/conftest2.o conftest.c >&5
configure:8453: $? = 0
configure:8475: result: yes
configure:8483: checking if gcc supports -c -o file.o
configure:8530: result: yes
configure:8563: checking whether the gcc linker (/usr/bin/ld -m elf_x86_64) supports shared libraries
configure:9720: result: yes
configure:9757: checking whether -lc should be explicitly linked in
configure:9765: gcc -c -g -O2  conftest.c >&5
configure:9768: $? = 0
configure:9783: gcc -shared  -fPIC -DPIC conftest.o  -v -Wl,-soname -Wl,conftest -o conftest 2\>\&1 \| /bin/grep  -lc  \>/dev/null 2\>\&1
configure:9786: $? = 0
configure:9800: result: no
configure:9960: checking dynamic linker characteristics
configure:10460: gcc -o conftest -g -O2   -Wl,-rpath -Wl,/foo conftest.c  >&5
configure:10460: $? = 0
configure:10694: result: GNU/Linux ld.so
configure:10801: checking how to hardcode library paths into programs
configure:10826: result: immediate
configure:11366: checking whether stripping libraries is possible
configure:11371: result: yes
configure:11406: checking if libtool supports shared libraries
configure:11408: result: yes
configure:11411: checking whether to build shared libraries
configure:11432: result: yes
configure:11435: checking whether to build static libraries
configure:11439: result: yes
configure:11480: checking for valac
configure:11498: found /usr/bin/valac
configure:11511: result: /usr/bin/valac
configure:11520: checking whether /usr/bin/valac is at least version 0.10.0
configure:11528: result: yes
configure:11605: checking for pkg-config
configure:11623: found /usr/bin/pkg-config
configure:11635: result: /usr/bin/pkg-config
configure:11660: checking pkg-config is at least version 0.9.0
configure:11663: result: yes
configure:11673: checking for EXOGENESIS
configure:11689: $PKG_CONFIG --exists --print-errors "gdu
gstreamer-base-0.10
gstreamer-0.10
gdk-3.0
liboobs-1
libxml-2.0
gee-0.8
glib-2.0
gconf-2.0
gtk+-3.0 "
Package gdu was not found in the pkg-config search path.
Perhaps you should add the directory containing `gdu.pc'
to the PKG_CONFIG_PATH environment variable
No package 'gdu' found
configure:11701: $? = 1
configure:11733: $PKG_CONFIG --exists --print-errors "gdu
gstreamer-base-0.10
gstreamer-0.10
gdk-3.0
liboobs-1
libxml-2.0
gee-0.8
glib-2.0
gconf-2.0
gtk+-3.0 "
Package gdu was not found in the pkg-config search path.
Perhaps you should add the directory containing `gdu.pc'
to the PKG_CONFIG_PATH environment variable
No package 'gdu' found
configure:11745: $? = 1
configure:11768: result: no
No package 'gdu' found
configure:11802: error: Package requirements (gdu
gstreamer-base-0.10
gstreamer-0.10
gdk-3.0
liboobs-1
libxml-2.0
gee-0.8
glib-2.0
gconf-2.0
gtk+-3.0 ) were not met:

No package 'gdu' found

Consider adjusting the PKG_CONFIG_PATH environment variable if you
installed software in a non-standard prefix.

Alternatively, you may set the environment variables EXOGENESIS_CFLAGS
and EXOGENESIS_LIBS to avoid the need to call pkg-config.
See the pkg-config man page for more details.

## ---------------- ##
## Cache variables. ##
## ---------------- ##

ac_cv_build=x86_64-unknown-linux-gnu
ac_cv_c_compiler_gnu=yes
ac_cv_env_CC_set=
ac_cv_env_CC_value=
ac_cv_env_CFLAGS_set=
ac_cv_env_CFLAGS_value=
ac_cv_env_CPPFLAGS_set=
ac_cv_env_CPPFLAGS_value=
ac_cv_env_CPP_set=
ac_cv_env_CPP_value=
ac_cv_env_EXOGENESIS_CFLAGS_set=
ac_cv_env_EXOGENESIS_CFLAGS_value=
ac_cv_env_EXOGENESIS_LIBS_set=
ac_cv_env_EXOGENESIS_LIBS_value=
ac_cv_env_LDFLAGS_set=
ac_cv_env_LDFLAGS_value=
ac_cv_env_LIBS_set=
ac_cv_env_LIBS_value=
ac_cv_env_PKG_CONFIG_LIBDIR_set=
ac_cv_env_PKG_CONFIG_LIBDIR_value=
ac_cv_env_PKG_CONFIG_PATH_set=
ac_cv_env_PKG_CONFIG_PATH_value=
ac_cv_env_PKG_CONFIG_set=
ac_cv_env_PKG_CONFIG_value=
ac_cv_env_build_alias_set=
ac_cv_env_build_alias_value=
ac_cv_env_host_alias_set=
ac_cv_env_host_alias_value=
ac_cv_env_target_alias_set=
ac_cv_env_target_alias_value=
ac_cv_header_dlfcn_h=yes
ac_cv_header_inttypes_h=yes
ac_cv_header_memory_h=yes
ac_cv_header_stdc=yes
ac_cv_header_stdint_h=yes
ac_cv_header_stdlib_h=yes
ac_cv_header_string_h=yes
ac_cv_header_strings_h=yes
ac_cv_header_sys_stat_h=yes
ac_cv_header_sys_types_h=yes
ac_cv_header_unistd_h=yes
ac_cv_host=x86_64-unknown-linux-gnu
ac_cv_objext=o
ac_cv_path_EGREP='/bin/grep -E'
ac_cv_path_FGREP='/bin/grep -F'
ac_cv_path_GREP=/bin/grep
ac_cv_path_SED=/bin/sed
ac_cv_path_VALAC=/usr/bin/valac
ac_cv_path_ac_pt_PKG_CONFIG=/usr/bin/pkg-config
ac_cv_path_install='/usr/bin/install -c'
ac_cv_path_mkdir=/bin/mkdir
ac_cv_prog_AWK=gawk
ac_cv_prog_CPP='gcc -E'
ac_cv_prog_ac_ct_AR=ar
ac_cv_prog_ac_ct_CC=gcc
ac_cv_prog_ac_ct_MANIFEST_TOOL=mt
ac_cv_prog_ac_ct_OBJDUMP=objdump
ac_cv_prog_ac_ct_RANLIB=ranlib
ac_cv_prog_ac_ct_STRIP=strip
ac_cv_prog_cc_c89=
ac_cv_prog_cc_g=yes
ac_cv_prog_make_make_set=yes
am_cv_CC_dependencies_compiler_type=gcc3
am_cv_make_support_nested_variables=yes
am_cv_prog_cc_c_o=yes
lt_cv_ar_at_file=@
lt_cv_archive_cmds_need_lc=no
lt_cv_deplibs_check_method=pass_all
lt_cv_file_magic_cmd='$MAGIC_CMD'
lt_cv_file_magic_test_file=
lt_cv_ld_reload_flag=-r
lt_cv_nm_interface='BSD nm'
lt_cv_objdir=.libs
lt_cv_path_LD=/usr/bin/ld
lt_cv_path_NM='/usr/bin/nm -B'
lt_cv_path_mainfest_tool=no
lt_cv_prog_compiler_c_o=yes
lt_cv_prog_compiler_pic='-fPIC -DPIC'
lt_cv_prog_compiler_pic_works=yes
lt_cv_prog_compiler_rtti_exceptions=no
lt_cv_prog_compiler_static_works=yes
lt_cv_prog_gnu_ld=yes
lt_cv_sharedlib_from_linklib_cmd='printf %s\n'
lt_cv_shlibpath_overrides_runpath=no
lt_cv_sys_global_symbol_pipe='sed -n -e '\''s/^.*[	 ]\([ABCDGIRSTW][ABCDGIRSTW]*\)[	 ][	 ]*\([_A-Za-z][_A-Za-z0-9]*\)$/\1 \2 \2/p'\'' | sed '\''/ __gnu_lto/d'\'''
lt_cv_sys_global_symbol_to_c_name_address='sed -n -e '\''s/^: \([^ ]*\)[ ]*$/  {\"\1\", (void *) 0},/p'\'' -e '\''s/^[ABCDGIRSTW]* \([^ ]*\) \([^ ]*\)$/  {"\2", (void *) \&\2},/p'\'''
lt_cv_sys_global_symbol_to_c_name_address_lib_prefix='sed -n -e '\''s/^: \([^ ]*\)[ ]*$/  {\"\1\", (void *) 0},/p'\'' -e '\''s/^[ABCDGIRSTW]* \([^ ]*\) \(lib[^ ]*\)$/  {"\2", (void *) \&\2},/p'\'' -e '\''s/^[ABCDGIRSTW]* \([^ ]*\) \([^ ]*\)$/  {"lib\2", (void *) \&\2},/p'\'''
lt_cv_sys_global_symbol_to_cdecl='sed -n -e '\''s/^T .* \(.*\)$/extern int \1();/p'\'' -e '\''s/^[ABCDGIRSTW]* .* \(.*\)$/extern char \1;/p'\'''
lt_cv_sys_max_cmd_len=1572864
lt_cv_to_host_file_cmd=func_convert_file_noop
lt_cv_to_tool_file_cmd=func_convert_file_noop

## ----------------- ##
## Output variables. ##
## ----------------- ##

ACLOCAL='${SHELL} /home/desiderantes/exogenesis/missing aclocal-1.14'
AMDEPBACKSLASH='\'
AMDEP_FALSE='#'
AMDEP_TRUE=''
AMTAR='$${TAR-tar}'
AM_BACKSLASH='\'
AM_DEFAULT_V='$(AM_DEFAULT_VERBOSITY)'
AM_DEFAULT_VERBOSITY='0'
AM_V='$(V)'
AR='ar'
AUTOCONF='${SHELL} /home/desiderantes/exogenesis/missing autoconf'
AUTOHEADER='${SHELL} /home/desiderantes/exogenesis/missing autoheader'
AUTOMAKE='${SHELL} /home/desiderantes/exogenesis/missing automake-1.14'
AWK='gawk'
CC='gcc'
CCDEPMODE='depmode=gcc3'
CFLAGS='-g -O2'
CPP='gcc -E'
CPPFLAGS=''
CYGPATH_W='echo'
DEFS=''
DEPDIR='.deps'
DLLTOOL='false'
DSYMUTIL=''
DUMPBIN=''
ECHO_C=''
ECHO_N='-n'
ECHO_T=''
EGREP='/bin/grep -E'
EXEEXT=''
EXOGENESIS_CFLAGS=''
EXOGENESIS_LIBS=''
FGREP='/bin/grep -F'
GREP='/bin/grep'
INSTALL_DATA='${INSTALL} -m 644'
INSTALL_PROGRAM='${INSTALL}'
INSTALL_SCRIPT='${INSTALL}'
INSTALL_STRIP_PROGRAM='$(install_sh) -c -s'
LD='/usr/bin/ld -m elf_x86_64'
LDFLAGS=''
LIBOBJS=''
LIBS=''
LIBTOOL='$(SHELL) $(top_builddir)/libtool'
LIPO=''
LN_S='ln -s'
LTLIBOBJS=''
MAKEINFO='${SHELL} /home/desiderantes/exogenesis/missing makeinfo'
MANIFEST_TOOL=':'
MKDIR_P='/bin/mkdir -p'
NM='/usr/bin/nm -B'
NMEDIT=''
OBJDUMP='objdump'
OBJEXT='o'
OTOOL64=''
OTOOL=''
PACKAGE='exogenesis'
PACKAGE_BUGREPORT=''
PACKAGE_NAME='exogenesis'
PACKAGE_STRING='exogenesis 0.1'
PACKAGE_TARNAME='exogenesis'
PACKAGE_URL=''
PACKAGE_VERSION='0.1'
PATH_SEPARATOR=':'
PKG_CONFIG='/usr/bin/pkg-config'
PKG_CONFIG_LIBDIR=''
PKG_CONFIG_PATH=''
RANLIB='ranlib'
SED='/bin/sed'
SET_MAKE=''
SHELL='/bin/bash'
STRIP='strip'
VALAC='/usr/bin/valac'
VERSION='0.1'
ac_ct_AR='ar'
ac_ct_CC='gcc'
ac_ct_DUMPBIN=''
am__EXEEXT_FALSE=''
am__EXEEXT_TRUE=''
am__fastdepCC_FALSE='#'
am__fastdepCC_TRUE=''
am__include='include'
am__isrc=''
am__leading_dot='.'
am__nodep='_no'
am__quote=''
am__tar='$${TAR-tar} chof - "$$tardir"'
am__untar='$${TAR-tar} xf -'
bindir='${exec_prefix}/bin'
build='x86_64-unknown-linux-gnu'
build_alias=''
build_cpu='x86_64'
build_os='linux-gnu'
build_vendor='unknown'
datadir='${datarootdir}'
datarootdir='${prefix}/share'
docdir='${datarootdir}/doc/${PACKAGE_TARNAME}'
dvidir='${docdir}'
exec_prefix='NONE'
host='x86_64-unknown-linux-gnu'
host_alias=''
host_cpu='x86_64'
host_os='linux-gnu'
host_vendor='unknown'
htmldir='${docdir}'
includedir='${prefix}/include'
infodir='${datarootdir}/info'
install_sh='${SHELL} /home/desiderantes/exogenesis/install-sh'
libdir='${exec_prefix}/lib'
libexecdir='${exec_prefix}/libexec'
localedir='${datarootdir}/locale'
localstatedir='${prefix}/var'
mandir='${datarootdir}/man'
mkdir_p='$(MKDIR_P)'
oldincludedir='/usr/include'
pdfdir='${docdir}'
prefix='NONE'
program_transform_name='s,x,x,'
psdir='${docdir}'
sbindir='${exec_prefix}/sbin'
sharedstatedir='${prefix}/com'
sysconfdir='${prefix}/etc'
target_alias=''

## ----------- ##
## confdefs.h. ##
## ----------- ##

/* confdefs.h */
#define PACKAGE_NAME "exogenesis"
#define PACKAGE_TARNAME "exogenesis"
#define PACKAGE_VERSION "0.1"
#define PACKAGE_STRING "exogenesis 0.1"
#define PACKAGE_BUGREPORT ""
#define PACKAGE_URL ""
#define PACKAGE "exogenesis"
#define VERSION "0.1"
#define STDC_HEADERS 1
#define HAVE_SYS_TYPES_H 1
#define HAVE_SYS_STAT_H 1
#define HAVE_STDLIB_H 1
#define HAVE_STRING_H 1
#define HAVE_MEMORY_H 1
#define HAVE_STRINGS_H 1
#define HAVE_INTTYPES_H 1
#define HAVE_STDINT_H 1
#define HAVE_UNISTD_H 1
#define HAVE_DLFCN_H 1
#define LT_OBJDIR ".libs/"

configure: exit 1
